{"/Users/murilosantos/Documents/projects/power-ball-service/app/app.ts": {"path":"/Users/murilosantos/Documents/projects/power-ball-service/app/app.ts","statementMap":{"0":{"start":{"line":1,"column":0},"end":{"line":1,"column":30}},"1":{"start":{"line":3,"column":0},"end":{"line":3,"column":67}},"2":{"start":{"line":5,"column":0},"end":{"line":5,"column":42}},"3":{"start":{"line":8,"column":12},"end":{"line":8,"column":21}},"4":{"start":{"line":11,"column":0},"end":{"line":11,"column":21}},"5":{"start":{"line":13,"column":0},"end":{"line":29,"column":2}},"6":{"start":{"line":15,"column":4},"end":{"line":20,"column":null}},"7":{"start":{"line":16,"column":6},"end":{"line":19,"column":9}},"8":{"start":{"line":22,"column":4},"end":{"line":22,"column":25}},"9":{"start":{"line":24,"column":4},"end":{"line":27,"column":7}},"10":{"start":{"line":31,"column":0},"end":{"line":31,"column":19}}},"fnMap":{"0":{"name":"(anonymous_1)","decl":{"start":{"line":14,"column":2},"end":{"line":14,"column":3}},"loc":{"start":{"line":14,"column":73},"end":{"line":28,"column":3}}}},"branchMap":{"0":{"loc":{"start":{"line":15,"column":4},"end":{"line":20,"column":null}},"type":"if","locations":[{"start":{"line":15,"column":4},"end":{"line":20,"column":null}}]}},"s":{"0":0,"1":0,"2":0,"3":0,"4":0,"5":0,"6":0,"7":0,"8":0,"9":0,"10":0},"f":{"0":0},"b":{"0":[0]}}
,"/Users/murilosantos/Documents/projects/power-ball-service/app/clients/fakes/ny-gov-client-fake.ts": {"path":"/Users/murilosantos/Documents/projects/power-ball-service/app/clients/fakes/ny-gov-client-fake.ts","statementMap":{"0":{"start":{"line":4,"column":0},"end":{"line":4,"column":null}},"1":{"start":{"line":5,"column":10},"end":{"line":14,"column":4}},"2":{"start":{"line":16,"column":15},"end":{"line":32,"column":null}},"3":{"start":{"line":19,"column":10},"end":{"line":19,"column":72}},"4":{"start":{"line":19,"column":43},"end":{"line":19,"column":71}},"5":{"start":{"line":20,"column":4},"end":{"line":30,"column":null}},"6":{"start":{"line":21,"column":12},"end":{"line":21,"column":62}},"7":{"start":{"line":22,"column":12},"end":{"line":22,"column":43}},"8":{"start":{"line":23,"column":6},"end":{"line":23,"column":35}},"9":{"start":{"line":25,"column":6},"end":{"line":29,"column":8}},"10":{"start":{"line":31,"column":4},"end":{"line":31,"column":16}},"11":{"start":{"line":33,"column":0},"end":{"line":33,"column":null}}},"fnMap":{"0":{"name":"(anonymous_13)","decl":{"start":{"line":4,"column":0},"end":{"line":4,"column":null}},"loc":{"start":{"line":4,"column":0},"end":{"line":33,"column":null}}},"1":{"name":"(anonymous_15)","decl":{"start":{"line":16,"column":2},"end":{"line":16,"column":15}},"loc":{"start":{"line":17,"column":20},"end":{"line":32,"column":null}}},"2":{"name":"(anonymous_18)","decl":{"start":{"line":19,"column":33},"end":{"line":19,"column":34}},"loc":{"start":{"line":19,"column":38},"end":{"line":19,"column":47}}}},"branchMap":{"0":{"loc":{"start":{"line":20,"column":4},"end":{"line":30,"column":null}},"type":"if","locations":[{"start":{"line":20,"column":4},"end":{"line":30,"column":null}}]}},"s":{"0":1,"1":4,"2":1,"3":4,"4":5,"5":4,"6":3,"7":3,"8":3,"9":3,"10":1,"11":1},"f":{"0":5,"1":4,"2":5},"b":{"0":[3]}}
,"/Users/murilosantos/Documents/projects/power-ball-service/app/clients/implementations/ny-gov-client.ts": {"path":"/Users/murilosantos/Documents/projects/power-ball-service/app/clients/implementations/ny-gov-client.ts","statementMap":{"0":{"start":{"line":1,"column":0},"end":{"line":1,"column":26}},"1":{"start":{"line":2,"column":0},"end":{"line":2,"column":46}},"2":{"start":{"line":6,"column":0},"end":{"line":6,"column":null}},"3":{"start":{"line":7,"column":15},"end":{"line":34,"column":null}},"4":{"start":{"line":12,"column":17},"end":{"line":14,"column":8}},"5":{"start":{"line":12,"column":6},"end":{"line":14,"column":8}},"6":{"start":{"line":16,"column":6},"end":{"line":16,"column":63}},"7":{"start":{"line":19,"column":4},"end":{"line":21,"column":null}},"8":{"start":{"line":20,"column":6},"end":{"line":20,"column":65}},"9":{"start":{"line":23,"column":10},"end":{"line":23,"column":79}},"10":{"start":{"line":25,"column":10},"end":{"line":25,"column":47}},"11":{"start":{"line":27,"column":4},"end":{"line":27,"column":48}},"12":{"start":{"line":29,"column":4},"end":{"line":33,"column":6}},"13":{"start":{"line":36,"column":10},"end":{"line":38,"column":null}},"14":{"start":{"line":37,"column":4},"end":{"line":37,"column":39}},"15":{"start":{"line":39,"column":0},"end":{"line":39,"column":null}}},"fnMap":{"0":{"name":"(anonymous_14)","decl":{"start":{"line":6,"column":0},"end":{"line":6,"column":null}},"loc":{"start":{"line":6,"column":0},"end":{"line":39,"column":null}}},"1":{"name":"(anonymous_16)","decl":{"start":{"line":7,"column":2},"end":{"line":7,"column":15}},"loc":{"start":{"line":8,"column":20},"end":{"line":34,"column":null}}},"2":{"name":"(anonymous_19)","decl":{"start":{"line":36,"column":2},"end":{"line":36,"column":10}},"loc":{"start":{"line":36,"column":57},"end":{"line":38,"column":3}}}},"branchMap":{"0":{"loc":{"start":{"line":19,"column":4},"end":{"line":21,"column":null}},"type":"if","locations":[{"start":{"line":19,"column":4},"end":{"line":21,"column":null}}]},"1":{"loc":{"start":{"line":19,"column":8},"end":{"line":19,"column":53}},"type":"binary-expr","locations":[{"start":{"line":19,"column":8},"end":{"line":19,"column":22}},{"start":{"line":19,"column":26},"end":{"line":19,"column":53}}]},"2":{"loc":{"start":{"line":19,"column":26},"end":{"line":19,"column":47}},"type":"cond-expr","locations":[{"start":{"line":19,"column":34},"end":{"line":19,"column":36}},{"start":{"line":19,"column":26},"end":{"line":19,"column":47}}]},"3":{"loc":{"start":{"line":19,"column":26},"end":{"line":19,"column":36}},"type":"binary-expr","locations":[{"start":{"line":19,"column":26},"end":{"line":19,"column":36}},{"start":{"line":19,"column":26},"end":{"line":19,"column":36}}]},"4":{"loc":{"start":{"line":23,"column":34},"end":{"line":23,"column":78}},"type":"cond-expr","locations":[{"start":{"line":23,"column":42},"end":{"line":23,"column":44}},{"start":{"line":23,"column":34},"end":{"line":23,"column":78}}]},"5":{"loc":{"start":{"line":23,"column":34},"end":{"line":23,"column":44}},"type":"binary-expr","locations":[{"start":{"line":23,"column":34},"end":{"line":23,"column":44}},{"start":{"line":23,"column":34},"end":{"line":23,"column":44}}]},"6":{"loc":{"start":{"line":30,"column":17},"end":{"line":30,"column":41}},"type":"cond-expr","locations":[{"start":{"line":30,"column":25},"end":{"line":30,"column":27}},{"start":{"line":30,"column":17},"end":{"line":30,"column":41}}]},"7":{"loc":{"start":{"line":30,"column":17},"end":{"line":30,"column":27}},"type":"binary-expr","locations":[{"start":{"line":30,"column":17},"end":{"line":30,"column":27}},{"start":{"line":30,"column":17},"end":{"line":30,"column":27}}]}},"s":{"0":2,"1":2,"2":2,"3":2,"4":4,"5":4,"6":1,"7":3,"8":2,"9":1,"10":1,"11":1,"12":1,"13":2,"14":1,"15":2},"f":{"0":6,"1":4,"2":1},"b":{"0":[2],"1":[3,3],"2":[0,3],"3":[3,3],"4":[0,1],"5":[1,1],"6":[0,1],"7":[1,1]}}
,"/Users/murilosantos/Documents/projects/power-ball-service/app/controllers/notfound.ts": {"path":"/Users/murilosantos/Documents/projects/power-ball-service/app/controllers/notfound.ts","statementMap":{"0":{"start":{"line":2,"column":0},"end":{"line":2,"column":null}},"1":{"start":{"line":2,"column":24},"end":{"line":2,"column":29}},"2":{"start":{"line":4,"column":0},"end":{"line":4,"column":null}},"3":{"start":{"line":7,"column":2},"end":{"line":7,"column":35}},"4":{"start":{"line":8,"column":14},"end":{"line":8,"column":46}},"5":{"start":{"line":9,"column":2},"end":{"line":9,"column":19}},"6":{"start":{"line":10,"column":2},"end":{"line":10,"column":12}},"7":{"start":{"line":5,"column":0},"end":{"line":5,"column":16}}},"fnMap":{"0":{"name":"(anonymous_6)","decl":{"start":{"line":2,"column":0},"end":{"line":2,"column":24}},"loc":{"start":{"line":2,"column":0},"end":{"line":4,"column":null}}},"1":{"name":"notFound","decl":{"start":{"line":5,"column":16},"end":{"line":5,"column":24}},"loc":{"start":{"line":5,"column":24},"end":{"line":11,"column":1}}}},"branchMap":{},"s":{"0":1,"1":1,"2":1,"3":1,"4":1,"5":1,"6":1,"7":1},"f":{"0":2,"1":1},"b":{}}
,"/Users/murilosantos/Documents/projects/power-ball-service/app/controllers/powerball-controller.ts": {"path":"/Users/murilosantos/Documents/projects/power-ball-service/app/controllers/powerball-controller.ts","statementMap":{"0":{"start":{"line":1,"column":0},"end":{"line":1,"column":69}},"1":{"start":{"line":3,"column":0},"end":{"line":3,"column":64}},"2":{"start":{"line":4,"column":0},"end":{"line":4,"column":63}},"3":{"start":{"line":5,"column":0},"end":{"line":5,"column":67}},"4":{"start":{"line":6,"column":0},"end":{"line":6,"column":null}},"5":{"start":{"line":7,"column":15},"end":{"line":26,"column":null}},"6":{"start":{"line":11,"column":10},"end":{"line":14,"column":6}},"7":{"start":{"line":15,"column":10},"end":{"line":15,"column":28}},"8":{"start":{"line":17,"column":10},"end":{"line":17,"column":52}},"9":{"start":{"line":21,"column":24},"end":{"line":21,"column":74}},"10":{"start":{"line":21,"column":6},"end":{"line":21,"column":74}},"11":{"start":{"line":23,"column":6},"end":{"line":23,"column":34}},"12":{"start":{"line":25,"column":4},"end":{"line":25,"column":54}},"13":{"start":{"line":27,"column":0},"end":{"line":27,"column":null}}},"fnMap":{"0":{"name":"(anonymous_14)","decl":{"start":{"line":6,"column":0},"end":{"line":6,"column":null}},"loc":{"start":{"line":6,"column":0},"end":{"line":27,"column":null}}},"1":{"name":"(anonymous_16)","decl":{"start":{"line":7,"column":2},"end":{"line":7,"column":15}},"loc":{"start":{"line":9,"column":22},"end":{"line":26,"column":null}}}},"branchMap":{"0":{"loc":{"start":{"line":25,"column":4},"end":{"line":25,"column":54}},"type":"switch","locations":[{"start":{"line":25,"column":4},"end":{"line":25,"column":54}}]}},"s":{"0":1,"1":1,"2":1,"3":1,"4":1,"5":1,"6":1,"7":1,"8":1,"9":1,"10":1,"11":1,"12":0,"13":1},"f":{"0":2,"1":1},"b":{"0":[0]}}
,"/Users/murilosantos/Documents/projects/power-ball-service/app/controllers/root.ts": {"path":"/Users/murilosantos/Documents/projects/power-ball-service/app/controllers/root.ts","statementMap":{"0":{"start":{"line":4,"column":2},"end":{"line":4,"column":39}},"1":{"start":{"line":3,"column":0},"end":{"line":3,"column":16}}},"fnMap":{"0":{"name":"root","decl":{"start":{"line":3,"column":16},"end":{"line":3,"column":20}},"loc":{"start":{"line":3,"column":48},"end":{"line":5,"column":1}}}},"branchMap":{},"s":{"0":1,"1":1},"f":{"0":1},"b":{}}
,"/Users/murilosantos/Documents/projects/power-ball-service/app/domain/models/powerball-ticket.ts": {"path":"/Users/murilosantos/Documents/projects/power-ball-service/app/domain/models/powerball-ticket.ts","statementMap":{"0":{"start":{"line":3,"column":0},"end":{"line":3,"column":null}},"1":{"start":{"line":7,"column":4},"end":{"line":7,"column":29}},"2":{"start":{"line":8,"column":4},"end":{"line":8,"column":23}},"3":{"start":{"line":10,"column":0},"end":{"line":10,"column":null}}},"fnMap":{"0":{"name":"(anonymous_0)","decl":{"start":{"line":3,"column":0},"end":{"line":3,"column":null}},"loc":{"start":{"line":3,"column":0},"end":{"line":10,"column":null}}},"1":{"name":"PowerBallTicket","decl":{"start":{"line":6,"column":2},"end":{"line":6,"column":14}},"loc":{"start":{"line":6,"column":51},"end":{"line":9,"column":3}}}},"branchMap":{},"s":{"0":2,"1":5,"2":5,"3":2},"f":{"0":2,"1":5},"b":{}}
,"/Users/murilosantos/Documents/projects/power-ball-service/app/domain/models/ticket-pick.ts": {"path":"/Users/murilosantos/Documents/projects/power-ball-service/app/domain/models/ticket-pick.ts","statementMap":{"0":{"start":{"line":1,"column":0},"end":{"line":1,"column":null}},"1":{"start":{"line":7,"column":4},"end":{"line":7,"column":25}},"2":{"start":{"line":8,"column":4},"end":{"line":8,"column":23}},"3":{"start":{"line":9,"column":4},"end":{"line":9,"column":39}},"4":{"start":{"line":11,"column":0},"end":{"line":11,"column":null}}},"fnMap":{"0":{"name":"(anonymous_0)","decl":{"start":{"line":1,"column":0},"end":{"line":1,"column":null}},"loc":{"start":{"line":1,"column":0},"end":{"line":11,"column":null}}},"1":{"name":"TicketPick","decl":{"start":{"line":6,"column":2},"end":{"line":6,"column":14}},"loc":{"start":{"line":6,"column":69},"end":{"line":10,"column":3}}}},"branchMap":{},"s":{"0":1,"1":4,"2":4,"3":4,"4":1},"f":{"0":1,"1":4},"b":{}}
,"/Users/murilosantos/Documents/projects/power-ball-service/app/domain/services/power-ball-service.ts": {"path":"/Users/murilosantos/Documents/projects/power-ball-service/app/domain/services/power-ball-service.ts","statementMap":{"0":{"start":{"line":7,"column":0},"end":{"line":7,"column":46}},"1":{"start":{"line":10,"column":0},"end":{"line":10,"column":null}},"2":{"start":{"line":14,"column":4},"end":{"line":14,"column":43}},"3":{"start":{"line":15,"column":4},"end":{"line":15,"column":35}},"4":{"start":{"line":17,"column":15},"end":{"line":45,"column":null}},"5":{"start":{"line":22,"column":28},"end":{"line":24,"column":8}},"6":{"start":{"line":22,"column":6},"end":{"line":24,"column":8}},"7":{"start":{"line":26,"column":6},"end":{"line":26,"column":18}},"8":{"start":{"line":29,"column":4},"end":{"line":34,"column":null}},"9":{"start":{"line":33,"column":6},"end":{"line":33,"column":65}},"10":{"start":{"line":36,"column":10},"end":{"line":39,"column":6}},"11":{"start":{"line":41,"column":4},"end":{"line":44,"column":6}},"12":{"start":{"line":47,"column":10},"end":{"line":60,"column":null}},"13":{"start":{"line":47,"column":2},"end":{"line":47,"column":10}},"14":{"start":{"line":51,"column":4},"end":{"line":59,"column":62}},"15":{"start":{"line":53,"column":8},"end":{"line":57,"column":null}},"16":{"start":{"line":59,"column":38},"end":{"line":59,"column":59}},"17":{"start":{"line":62,"column":10},"end":{"line":83,"column":null}},"18":{"start":{"line":67,"column":34},"end":{"line":67,"column":61}},"19":{"start":{"line":68,"column":25},"end":{"line":68,"column":61}},"20":{"start":{"line":69,"column":4},"end":{"line":69,"column":37}},"21":{"start":{"line":70,"column":23},"end":{"line":71,"column":null}},"22":{"start":{"line":71,"column":6},"end":{"line":71,"column":null}},"23":{"start":{"line":74,"column":18},"end":{"line":76,"column":null}},"24":{"start":{"line":79,"column":4},"end":{"line":79,"column":29}},"25":{"start":{"line":80,"column":4},"end":{"line":80,"column":36}},"26":{"start":{"line":82,"column":4},"end":{"line":82,"column":28}},"27":{"start":{"line":85,"column":10},"end":{"line":87,"column":null}},"28":{"start":{"line":86,"column":4},"end":{"line":86,"column":42}},"29":{"start":{"line":88,"column":0},"end":{"line":88,"column":null}}},"fnMap":{"0":{"name":"(anonymous_14)","decl":{"start":{"line":10,"column":0},"end":{"line":10,"column":null}},"loc":{"start":{"line":10,"column":0},"end":{"line":88,"column":null}}},"1":{"name":"PowerBallService","decl":{"start":{"line":13,"column":2},"end":{"line":13,"column":14}},"loc":{"start":{"line":13,"column":73},"end":{"line":16,"column":3}}},"2":{"name":"(anonymous_16)","decl":{"start":{"line":17,"column":2},"end":{"line":17,"column":15}},"loc":{"start":{"line":18,"column":27},"end":{"line":45,"column":null}}},"3":{"name":"(anonymous_19)","decl":{"start":{"line":47,"column":2},"end":{"line":47,"column":10}},"loc":{"start":{"line":49,"column":47},"end":{"line":60,"column":3}}},"4":{"name":"(anonymous_20)","decl":{"start":{"line":52,"column":11},"end":{"line":52,"column":12}},"loc":{"start":{"line":52,"column":22},"end":{"line":53,"column":12}}},"5":{"name":"(anonymous_21)","decl":{"start":{"line":59,"column":14},"end":{"line":59,"column":15}},"loc":{"start":{"line":59,"column":33},"end":{"line":59,"column":49}}},"6":{"name":"(anonymous_22)","decl":{"start":{"line":62,"column":2},"end":{"line":62,"column":10}},"loc":{"start":{"line":65,"column":22},"end":{"line":83,"column":3}}},"7":{"name":"(anonymous_23)","decl":{"start":{"line":70,"column":55},"end":{"line":70,"column":56}},"loc":{"start":{"line":70,"column":68},"end":{"line":71,"column":20}}},"8":{"name":"(anonymous_24)","decl":{"start":{"line":85,"column":2},"end":{"line":85,"column":10}},"loc":{"start":{"line":85,"column":48},"end":{"line":87,"column":3}}}},"branchMap":{"0":{"loc":{"start":{"line":29,"column":4},"end":{"line":34,"column":null}},"type":"if","locations":[{"start":{"line":29,"column":4},"end":{"line":34,"column":null}}]},"1":{"loc":{"start":{"line":30,"column":6},"end":{"line":31,"column":54}},"type":"binary-expr","locations":[{"start":{"line":30,"column":6},"end":{"line":30,"column":39}},{"start":{"line":31,"column":6},"end":{"line":31,"column":54}}]}},"s":{"0":2,"1":2,"2":5,"3":5,"4":2,"5":5,"6":5,"7":1,"8":4,"9":1,"10":3,"11":3,"12":2,"13":3,"14":3,"15":3,"16":3,"17":2,"18":3,"19":3,"20":3,"21":3,"22":15,"23":3,"24":3,"25":3,"26":3,"27":2,"28":3,"29":2},"f":{"0":2,"1":5,"2":5,"3":3,"4":3,"5":3,"6":3,"7":15,"8":3},"b":{"0":[1],"1":[4,3]}}
,"/Users/murilosantos/Documents/projects/power-ball-service/app/errors/app-error.ts": {"path":"/Users/murilosantos/Documents/projects/power-ball-service/app/errors/app-error.ts","statementMap":{"0":{"start":{"line":1,"column":0},"end":{"line":1,"column":null}},"1":{"start":{"line":6,"column":33},"end":{"line":6,"column":null}},"2":{"start":{"line":7,"column":6},"end":{"line":7,"column":29}},"3":{"start":{"line":8,"column":6},"end":{"line":8,"column":35}},"4":{"start":{"line":10,"column":2},"end":{"line":10,"column":null}},"5":{"start":{"line":12,"column":2},"end":{"line":12,"column":26}}},"fnMap":{"0":{"name":"(anonymous_0)","decl":{"start":{"line":1,"column":0},"end":{"line":1,"column":null}},"loc":{"start":{"line":1,"column":0},"end":{"line":10,"column":null}}},"1":{"name":"AppError","decl":{"start":{"line":6,"column":4},"end":{"line":6,"column":16}},"loc":{"start":{"line":6,"column":49},"end":{"line":9,"column":5}}}},"branchMap":{"0":{"loc":{"start":{"line":6,"column":33},"end":{"line":6,"column":null}},"type":"if","locations":[{"start":{"line":6,"column":33},"end":{"line":6,"column":null}}]}},"s":{"0":3,"1":13,"2":11,"3":11,"4":3,"5":3},"f":{"0":3,"1":11},"b":{"0":[2]}}
,"/Users/murilosantos/Documents/projects/power-ball-service/app/middlewares/validate-request.ts": {"path":"/Users/murilosantos/Documents/projects/power-ball-service/app/middlewares/validate-request.ts","statementMap":{"0":{"start":{"line":1,"column":0},"end":{"line":1,"column":43}},"1":{"start":{"line":9,"column":2},"end":{"line":9,"column":28}},"2":{"start":{"line":10,"column":2},"end":{"line":10,"column":33}},"3":{"start":{"line":11,"column":2},"end":{"line":11,"column":25}},"4":{"start":{"line":13,"column":2},"end":{"line":13,"column":16}},"5":{"start":{"line":4,"column":0},"end":{"line":4,"column":24}},"6":{"start":{"line":17,"column":2},"end":{"line":19,"column":null}},"7":{"start":{"line":18,"column":4},"end":{"line":18,"column":72}},"8":{"start":{"line":23,"column":22},"end":{"line":23,"column":39}},"9":{"start":{"line":24,"column":16},"end":{"line":24,"column":37}},"10":{"start":{"line":25,"column":2},"end":{"line":27,"column":null}},"11":{"start":{"line":26,"column":4},"end":{"line":26,"column":79}},"12":{"start":{"line":28,"column":15},"end":{"line":28,"column":36}},"13":{"start":{"line":29,"column":2},"end":{"line":31,"column":null}},"14":{"start":{"line":30,"column":4},"end":{"line":30,"column":53}},"15":{"start":{"line":35,"column":30},"end":{"line":35,"column":48}},"16":{"start":{"line":36,"column":2},"end":{"line":38,"column":null}},"17":{"start":{"line":37,"column":4},"end":{"line":37,"column":58}},"18":{"start":{"line":40,"column":2},"end":{"line":42,"column":5}},"19":{"start":{"line":41,"column":4},"end":{"line":41,"column":46}},"20":{"start":{"line":46,"column":2},"end":{"line":51,"column":null}},"21":{"start":{"line":47,"column":4},"end":{"line":50,"column":6}},"22":{"start":{"line":53,"column":2},"end":{"line":63,"column":5}},"23":{"start":{"line":54,"column":28},"end":{"line":54,"column":42}},"24":{"start":{"line":55,"column":4},"end":{"line":59,"column":null}},"25":{"start":{"line":56,"column":6},"end":{"line":58,"column":8}},"26":{"start":{"line":60,"column":4},"end":{"line":62,"column":null}},"27":{"start":{"line":61,"column":6},"end":{"line":61,"column":70}}},"fnMap":{"0":{"name":"validateRequest","decl":{"start":{"line":4,"column":24},"end":{"line":4,"column":39}},"loc":{"start":{"line":7,"column":20},"end":{"line":14,"column":1}}},"1":{"name":"validateMainBody","decl":{"start":{"line":16,"column":9},"end":{"line":16,"column":25}},"loc":{"start":{"line":16,"column":42},"end":{"line":20,"column":1}}},"2":{"name":"validateDateAttribute","decl":{"start":{"line":22,"column":9},"end":{"line":22,"column":30}},"loc":{"start":{"line":22,"column":47},"end":{"line":32,"column":1}}},"3":{"name":"validatePicks","decl":{"start":{"line":34,"column":9},"end":{"line":34,"column":22}},"loc":{"start":{"line":34,"column":39},"end":{"line":43,"column":1}}},"4":{"name":"(anonymous_5)","decl":{"start":{"line":40,"column":16},"end":{"line":40,"column":17}},"loc":{"start":{"line":40,"column":21},"end":{"line":42,"column":3}}},"5":{"name":"validateTicketNumbers","decl":{"start":{"line":45,"column":9},"end":{"line":45,"column":30}},"loc":{"start":{"line":45,"column":54},"end":{"line":64,"column":1}}},"6":{"name":"(anonymous_7)","decl":{"start":{"line":53,"column":24},"end":{"line":53,"column":25}},"loc":{"start":{"line":53,"column":31},"end":{"line":63,"column":3}}}},"branchMap":{"0":{"loc":{"start":{"line":17,"column":2},"end":{"line":19,"column":null}},"type":"if","locations":[{"start":{"line":17,"column":2},"end":{"line":19,"column":null}}]},"1":{"loc":{"start":{"line":17,"column":6},"end":{"line":17,"column":47}},"type":"binary-expr","locations":[{"start":{"line":17,"column":6},"end":{"line":17,"column":24}},{"start":{"line":17,"column":28},"end":{"line":17,"column":47}}]},"2":{"loc":{"start":{"line":25,"column":2},"end":{"line":27,"column":null}},"type":"if","locations":[{"start":{"line":25,"column":2},"end":{"line":27,"column":null}}]},"3":{"loc":{"start":{"line":29,"column":2},"end":{"line":31,"column":null}},"type":"if","locations":[{"start":{"line":29,"column":2},"end":{"line":31,"column":null}}]},"4":{"loc":{"start":{"line":36,"column":2},"end":{"line":38,"column":null}},"type":"if","locations":[{"start":{"line":36,"column":2},"end":{"line":38,"column":null}}]},"5":{"loc":{"start":{"line":36,"column":6},"end":{"line":36,"column":34}},"type":"binary-expr","locations":[{"start":{"line":36,"column":6},"end":{"line":36,"column":12}},{"start":{"line":36,"column":16},"end":{"line":36,"column":34}}]},"6":{"loc":{"start":{"line":46,"column":2},"end":{"line":51,"column":null}},"type":"if","locations":[{"start":{"line":46,"column":2},"end":{"line":51,"column":null}}]},"7":{"loc":{"start":{"line":55,"column":4},"end":{"line":59,"column":null}},"type":"if","locations":[{"start":{"line":55,"column":4},"end":{"line":59,"column":null}}]},"8":{"loc":{"start":{"line":60,"column":4},"end":{"line":62,"column":null}},"type":"if","locations":[{"start":{"line":60,"column":4},"end":{"line":62,"column":null}}]},"9":{"loc":{"start":{"line":60,"column":8},"end":{"line":60,"column":51}},"type":"binary-expr","locations":[{"start":{"line":60,"column":8},"end":{"line":60,"column":27}},{"start":{"line":60,"column":31},"end":{"line":60,"column":51}}]}},"s":{"0":1,"1":8,"2":7,"3":5,"4":1,"5":1,"6":8,"7":1,"8":7,"9":7,"10":7,"11":1,"12":6,"13":6,"14":1,"15":5,"16":5,"17":1,"18":4,"19":4,"20":4,"21":1,"22":3,"23":9,"24":9,"25":1,"26":8,"27":1},"f":{"0":8,"1":8,"2":7,"3":5,"4":4,"5":4,"6":9},"b":{"0":[1],"1":[8,8],"2":[1],"3":[1],"4":[1],"5":[5,5],"6":[1],"7":[1],"8":[1],"9":[8,8]}}
,"/Users/murilosantos/Documents/projects/power-ball-service/app/repositories/prize-repository.ts": {"path":"/Users/murilosantos/Documents/projects/power-ball-service/app/repositories/prize-repository.ts","statementMap":{"0":{"start":{"line":1,"column":0},"end":{"line":1,"column":null}},"1":{"start":{"line":2,"column":9},"end":{"line":37,"column":null}},"2":{"start":{"line":3,"column":4},"end":{"line":36,"column":null}},"3":{"start":{"line":5,"column":8},"end":{"line":7,"column":null}},"4":{"start":{"line":6,"column":10},"end":{"line":6,"column":25}},"5":{"start":{"line":8,"column":8},"end":{"line":8,"column":23}},"6":{"start":{"line":10,"column":8},"end":{"line":12,"column":null}},"7":{"start":{"line":11,"column":10},"end":{"line":11,"column":23}},"8":{"start":{"line":13,"column":8},"end":{"line":13,"column":19}},"9":{"start":{"line":15,"column":8},"end":{"line":17,"column":null}},"10":{"start":{"line":16,"column":10},"end":{"line":16,"column":21}},"11":{"start":{"line":18,"column":8},"end":{"line":18,"column":17}},"12":{"start":{"line":20,"column":8},"end":{"line":22,"column":null}},"13":{"start":{"line":21,"column":10},"end":{"line":21,"column":19}},"14":{"start":{"line":23,"column":8},"end":{"line":23,"column":17}},"15":{"start":{"line":25,"column":8},"end":{"line":27,"column":null}},"16":{"start":{"line":26,"column":10},"end":{"line":26,"column":19}},"17":{"start":{"line":28,"column":8},"end":{"line":28,"column":17}},"18":{"start":{"line":30,"column":8},"end":{"line":32,"column":null}},"19":{"start":{"line":31,"column":10},"end":{"line":31,"column":19}},"20":{"start":{"line":33,"column":8},"end":{"line":33,"column":17}},"21":{"start":{"line":35,"column":8},"end":{"line":35,"column":17}},"22":{"start":{"line":38,"column":0},"end":{"line":38,"column":null}}},"fnMap":{"0":{"name":"(anonymous_0)","decl":{"start":{"line":1,"column":0},"end":{"line":1,"column":null}},"loc":{"start":{"line":1,"column":0},"end":{"line":38,"column":null}}},"1":{"name":"(anonymous_2)","decl":{"start":{"line":2,"column":2},"end":{"line":2,"column":9}},"loc":{"start":{"line":2,"column":65},"end":{"line":37,"column":3}}}},"branchMap":{"0":{"loc":{"start":{"line":3,"column":4},"end":{"line":36,"column":null}},"type":"switch","locations":[{"start":{"line":4,"column":6},"end":{"line":8,"column":23}},{"start":{"line":9,"column":6},"end":{"line":13,"column":19}},{"start":{"line":14,"column":6},"end":{"line":18,"column":17}},{"start":{"line":19,"column":6},"end":{"line":23,"column":17}},{"start":{"line":24,"column":6},"end":{"line":28,"column":17}},{"start":{"line":29,"column":6},"end":{"line":33,"column":17}},{"start":{"line":34,"column":6},"end":{"line":35,"column":17}}]},"1":{"loc":{"start":{"line":5,"column":8},"end":{"line":7,"column":null}},"type":"if","locations":[{"start":{"line":5,"column":8},"end":{"line":7,"column":null}}]},"2":{"loc":{"start":{"line":10,"column":8},"end":{"line":12,"column":null}},"type":"if","locations":[{"start":{"line":10,"column":8},"end":{"line":12,"column":null}}]},"3":{"loc":{"start":{"line":15,"column":8},"end":{"line":17,"column":null}},"type":"if","locations":[{"start":{"line":15,"column":8},"end":{"line":17,"column":null}}]},"4":{"loc":{"start":{"line":20,"column":8},"end":{"line":22,"column":null}},"type":"if","locations":[{"start":{"line":20,"column":8},"end":{"line":22,"column":null}}]},"5":{"loc":{"start":{"line":25,"column":8},"end":{"line":27,"column":null}},"type":"if","locations":[{"start":{"line":25,"column":8},"end":{"line":27,"column":null}}]},"6":{"loc":{"start":{"line":30,"column":8},"end":{"line":32,"column":null}},"type":"if","locations":[{"start":{"line":30,"column":8},"end":{"line":32,"column":null}}]}},"s":{"0":2,"1":2,"2":3,"3":2,"4":1,"5":1,"6":1,"7":1,"8":0,"9":0,"10":0,"11":0,"12":0,"13":0,"14":0,"15":0,"16":0,"17":0,"18":0,"19":0,"20":0,"21":0,"22":2},"f":{"0":7,"1":3},"b":{"0":[2,1,0,0,0,0,0],"1":[1],"2":[1],"3":[0],"4":[0],"5":[0],"6":[0]}}
,"/Users/murilosantos/Documents/projects/power-ball-service/app/routes/index.ts": {"path":"/Users/murilosantos/Documents/projects/power-ball-service/app/routes/index.ts","statementMap":{"0":{"start":{"line":1,"column":0},"end":{"line":1,"column":30}},"1":{"start":{"line":2,"column":0},"end":{"line":2,"column":43}},"2":{"start":{"line":3,"column":0},"end":{"line":3,"column":51}},"3":{"start":{"line":5,"column":0},"end":{"line":5,"column":70}},"4":{"start":{"line":6,"column":0},"end":{"line":6,"column":62}},"5":{"start":{"line":8,"column":15},"end":{"line":8,"column":31}},"6":{"start":{"line":10,"column":0},"end":{"line":10,"column":27}},"7":{"start":{"line":12,"column":28},"end":{"line":12,"column":53}},"8":{"start":{"line":15,"column":0},"end":{"line":15,"column":22}},"9":{"start":{"line":17,"column":0},"end":{"line":21,"column":2}},"10":{"start":{"line":24,"column":0},"end":{"line":24,"column":21}},"11":{"start":{"line":26,"column":0},"end":{"line":26,"column":22}}},"fnMap":{},"branchMap":{},"s":{"0":1,"1":1,"2":1,"3":1,"4":1,"5":1,"6":1,"7":1,"8":1,"9":1,"10":1,"11":1},"f":{},"b":{}}
}
