TN:
SF:app/app.ts
FN:14,(anonymous_1)
FNF:1
FNH:0
FNDA:0,(anonymous_1)
DA:1,0
DA:3,0
DA:5,0
DA:8,0
DA:11,0
DA:13,0
DA:15,0
DA:16,0
DA:22,0
DA:24,0
DA:31,0
LF:11
LH:0
BRDA:15,0,0,0
BRF:1
BRH:0
end_of_record
TN:
SF:app/clients/fakes/ny-gov-client-fake.ts
FN:4,(anonymous_13)
FN:16,(anonymous_15)
FN:19,(anonymous_18)
FNF:3
FNH:3
FNDA:5,(anonymous_13)
FNDA:4,(anonymous_15)
FNDA:5,(anonymous_18)
DA:4,1
DA:5,4
DA:16,1
DA:19,5
DA:20,4
DA:21,3
DA:22,3
DA:23,3
DA:25,3
DA:31,1
DA:33,1
LF:11
LH:11
BRDA:20,0,0,3
BRF:1
BRH:1
end_of_record
TN:
SF:app/clients/implementations/ny-gov-client.ts
FN:6,(anonymous_14)
FN:7,(anonymous_16)
FN:36,(anonymous_19)
FNF:3
FNH:3
FNDA:6,(anonymous_14)
FNDA:4,(anonymous_16)
FNDA:1,(anonymous_19)
DA:1,2
DA:2,2
DA:6,2
DA:7,2
DA:12,4
DA:16,1
DA:19,3
DA:20,2
DA:23,1
DA:25,1
DA:27,1
DA:29,1
DA:36,2
DA:37,1
DA:39,2
LF:15
LH:15
BRDA:19,0,0,2
BRDA:19,1,0,3
BRDA:19,1,1,3
BRDA:19,2,0,0
BRDA:19,2,1,3
BRDA:19,3,0,3
BRDA:19,3,1,3
BRDA:23,4,0,0
BRDA:23,4,1,1
BRDA:23,5,0,1
BRDA:23,5,1,1
BRDA:30,6,0,0
BRDA:30,6,1,1
BRDA:30,7,0,1
BRDA:30,7,1,1
BRF:15
BRH:12
end_of_record
TN:
SF:app/controllers/notfound.ts
FN:2,(anonymous_6)
FN:5,notFound
FNF:2
FNH:2
FNDA:2,(anonymous_6)
FNDA:1,notFound
DA:2,1
DA:4,1
DA:5,1
DA:7,1
DA:8,1
DA:9,1
DA:10,1
LF:7
LH:7
BRF:0
BRH:0
end_of_record
TN:
SF:app/controllers/powerball-controller.ts
FN:6,(anonymous_14)
FN:7,(anonymous_16)
FNF:2
FNH:2
FNDA:2,(anonymous_14)
FNDA:1,(anonymous_16)
DA:1,1
DA:3,1
DA:4,1
DA:5,1
DA:6,1
DA:7,1
DA:11,1
DA:15,1
DA:17,1
DA:21,1
DA:23,1
DA:25,0
DA:27,1
LF:13
LH:12
BRDA:25,0,0,0
BRF:1
BRH:0
end_of_record
TN:
SF:app/controllers/root.ts
FN:3,root
FNF:1
FNH:1
FNDA:1,root
DA:3,1
DA:4,1
LF:2
LH:2
BRF:0
BRH:0
end_of_record
TN:
SF:app/domain/models/powerball-ticket.ts
FN:3,(anonymous_0)
FN:6,PowerBallTicket
FNF:2
FNH:2
FNDA:2,(anonymous_0)
FNDA:5,PowerBallTicket
DA:3,2
DA:7,5
DA:8,5
DA:10,2
LF:4
LH:4
BRF:0
BRH:0
end_of_record
TN:
SF:app/domain/models/ticket-pick.ts
FN:1,(anonymous_0)
FN:6,TicketPick
FNF:2
FNH:2
FNDA:1,(anonymous_0)
FNDA:4,TicketPick
DA:1,1
DA:7,4
DA:8,4
DA:9,4
DA:11,1
LF:5
LH:5
BRF:0
BRH:0
end_of_record
TN:
SF:app/domain/services/power-ball-service.ts
FN:10,(anonymous_14)
FN:13,PowerBallService
FN:17,(anonymous_16)
FN:47,(anonymous_19)
FN:52,(anonymous_20)
FN:59,(anonymous_21)
FN:62,(anonymous_22)
FN:70,(anonymous_23)
FN:85,(anonymous_24)
FNF:9
FNH:9
FNDA:2,(anonymous_14)
FNDA:5,PowerBallService
FNDA:5,(anonymous_16)
FNDA:3,(anonymous_19)
FNDA:3,(anonymous_20)
FNDA:3,(anonymous_21)
FNDA:3,(anonymous_22)
FNDA:15,(anonymous_23)
FNDA:3,(anonymous_24)
DA:7,2
DA:10,2
DA:14,5
DA:15,5
DA:17,2
DA:22,5
DA:26,1
DA:29,4
DA:33,1
DA:36,3
DA:41,3
DA:47,3
DA:51,3
DA:53,3
DA:59,3
DA:62,2
DA:67,3
DA:68,3
DA:69,3
DA:70,3
DA:71,15
DA:74,3
DA:79,3
DA:80,3
DA:82,3
DA:85,2
DA:86,3
DA:88,2
LF:28
LH:28
BRDA:29,0,0,1
BRDA:30,1,0,4
BRDA:30,1,1,3
BRF:3
BRH:3
end_of_record
TN:
SF:app/errors/app-error.ts
FN:1,(anonymous_0)
FN:6,AppError
FNF:2
FNH:2
FNDA:3,(anonymous_0)
FNDA:11,AppError
DA:1,3
DA:6,13
DA:7,11
DA:8,11
DA:10,3
DA:12,3
LF:6
LH:6
BRDA:6,0,0,2
BRF:1
BRH:1
end_of_record
TN:
SF:app/middlewares/validate-request.ts
FN:4,validateRequest
FN:16,validateMainBody
FN:22,validateDateAttribute
FN:34,validatePicks
FN:40,(anonymous_5)
FN:45,validateTicketNumbers
FN:53,(anonymous_7)
FNF:7
FNH:7
FNDA:8,validateRequest
FNDA:8,validateMainBody
FNDA:7,validateDateAttribute
FNDA:5,validatePicks
FNDA:4,(anonymous_5)
FNDA:4,validateTicketNumbers
FNDA:9,(anonymous_7)
DA:1,1
DA:4,1
DA:9,8
DA:10,7
DA:11,5
DA:13,1
DA:17,8
DA:18,1
DA:23,7
DA:24,7
DA:25,7
DA:26,1
DA:28,6
DA:29,6
DA:30,1
DA:35,5
DA:36,5
DA:37,1
DA:40,4
DA:41,4
DA:46,4
DA:47,1
DA:53,3
DA:54,9
DA:55,9
DA:56,1
DA:60,8
DA:61,1
LF:28
LH:28
BRDA:17,0,0,1
BRDA:17,1,0,8
BRDA:17,1,1,8
BRDA:25,2,0,1
BRDA:29,3,0,1
BRDA:36,4,0,1
BRDA:36,5,0,5
BRDA:36,5,1,5
BRDA:46,6,0,1
BRDA:55,7,0,1
BRDA:60,8,0,1
BRDA:60,9,0,8
BRDA:60,9,1,8
BRF:13
BRH:13
end_of_record
TN:
SF:app/repositories/prize-repository.ts
FN:1,(anonymous_0)
FN:2,(anonymous_2)
FNF:2
FNH:2
FNDA:21,(anonymous_0)
FNDA:16,(anonymous_2)
DA:1,3
DA:2,3
DA:3,16
DA:5,4
DA:6,2
DA:8,2
DA:10,3
DA:11,2
DA:13,1
DA:15,2
DA:16,1
DA:18,1
DA:20,2
DA:21,1
DA:23,1
DA:25,2
DA:26,1
DA:28,1
DA:30,2
DA:31,1
DA:33,1
DA:35,1
DA:38,3
LF:23
LH:23
BRDA:3,0,0,4
BRDA:3,0,1,3
BRDA:3,0,2,2
BRDA:3,0,3,2
BRDA:3,0,4,2
BRDA:3,0,5,2
BRDA:3,0,6,1
BRDA:5,1,0,2
BRDA:10,2,0,2
BRDA:15,3,0,1
BRDA:20,4,0,1
BRDA:25,5,0,1
BRDA:30,6,0,1
BRF:13
BRH:13
end_of_record
TN:
SF:app/routes/index.ts
FNF:0
FNH:0
DA:1,1
DA:2,1
DA:3,1
DA:5,1
DA:6,1
DA:8,1
DA:10,1
DA:12,1
DA:15,1
DA:17,1
DA:24,1
DA:26,1
LF:12
LH:12
BRF:0
BRH:0
end_of_record
