TN:
SF:app/app.ts
FN:14,(anonymous_1)
FNF:1
FNH:0
FNDA:0,(anonymous_1)
DA:1,0
DA:3,0
DA:5,0
DA:8,0
DA:11,0
DA:13,0
DA:15,0
DA:16,0
DA:22,0
DA:24,0
DA:31,0
LF:11
LH:0
BRDA:15,0,0,0
BRF:1
BRH:0
end_of_record
TN:
SF:app/clients/fakes/ny-gov-client-fake.ts
FN:4,(anonymous_13)
FN:16,(anonymous_15)
FN:19,(anonymous_18)
FNF:3
FNH:0
FNDA:0,(anonymous_13)
FNDA:0,(anonymous_15)
FNDA:0,(anonymous_18)
DA:4,0
DA:5,0
DA:16,0
DA:19,0
DA:20,0
DA:21,0
DA:22,0
DA:23,0
DA:25,0
DA:31,0
DA:33,0
LF:11
LH:0
BRDA:20,0,0,0
BRF:1
BRH:0
end_of_record
TN:
SF:app/clients/implementations/ny-gov-client.ts
FN:6,(anonymous_14)
FN:7,(anonymous_16)
FN:36,(anonymous_19)
FNF:3
FNH:3
FNDA:4,(anonymous_14)
FNDA:3,(anonymous_16)
FNDA:1,(anonymous_19)
DA:1,1
DA:2,1
DA:6,1
DA:7,1
DA:12,3
DA:16,1
DA:19,2
DA:20,1
DA:23,1
DA:25,1
DA:27,1
DA:29,1
DA:36,1
DA:37,1
DA:39,1
LF:15
LH:15
BRDA:19,0,0,1
BRDA:19,1,0,2
BRDA:19,1,1,2
BRDA:19,2,0,0
BRDA:19,2,1,2
BRDA:19,3,0,2
BRDA:19,3,1,2
BRDA:23,4,0,0
BRDA:23,4,1,1
BRDA:23,5,0,1
BRDA:23,5,1,1
BRDA:30,6,0,0
BRDA:30,6,1,1
BRDA:30,7,0,1
BRDA:30,7,1,1
BRF:15
BRH:12
end_of_record
TN:
SF:app/controllers/notfound.ts
FN:2,(anonymous_6)
FN:5,notFound
FNF:2
FNH:0
FNDA:0,(anonymous_6)
FNDA:0,notFound
DA:2,0
DA:4,0
DA:5,0
DA:7,0
DA:8,0
DA:9,0
DA:10,0
LF:7
LH:0
BRF:0
BRH:0
end_of_record
TN:
SF:app/controllers/powerball-controller.ts
FN:6,(anonymous_14)
FN:7,(anonymous_16)
FNF:2
FNH:0
FNDA:0,(anonymous_14)
FNDA:0,(anonymous_16)
DA:1,0
DA:3,0
DA:4,0
DA:5,0
DA:6,0
DA:7,0
DA:11,0
DA:15,0
DA:17,0
DA:21,0
DA:23,0
DA:25,0
DA:27,0
LF:13
LH:0
BRDA:25,0,0,0
BRF:1
BRH:0
end_of_record
TN:
SF:app/controllers/root.ts
FN:3,root
FNF:1
FNH:0
FNDA:0,root
DA:3,0
DA:4,0
LF:2
LH:0
BRF:0
BRH:0
end_of_record
TN:
SF:app/domain/models/powerball-ticket.ts
FN:3,(anonymous_0)
FN:6,PowerBallTicket
FNF:2
FNH:0
FNDA:0,(anonymous_0)
FNDA:0,PowerBallTicket
DA:3,0
DA:7,0
DA:8,0
DA:10,0
LF:4
LH:0
BRF:0
BRH:0
end_of_record
TN:
SF:app/domain/models/ticket-pick.ts
FN:1,(anonymous_0)
FN:6,TicketPick
FNF:2
FNH:0
FNDA:0,(anonymous_0)
FNDA:0,TicketPick
DA:1,0
DA:7,0
DA:8,0
DA:9,0
DA:11,0
LF:5
LH:0
BRF:0
BRH:0
end_of_record
TN:
SF:app/domain/services/power-ball-service.ts
FN:10,(anonymous_14)
FN:13,PowerBallService
FN:17,(anonymous_16)
FN:47,(anonymous_19)
FN:52,(anonymous_20)
FN:59,(anonymous_21)
FN:62,(anonymous_22)
FN:70,(anonymous_23)
FN:85,(anonymous_24)
FNF:9
FNH:0
FNDA:0,(anonymous_14)
FNDA:0,PowerBallService
FNDA:0,(anonymous_16)
FNDA:0,(anonymous_19)
FNDA:0,(anonymous_20)
FNDA:0,(anonymous_21)
FNDA:0,(anonymous_22)
FNDA:0,(anonymous_23)
FNDA:0,(anonymous_24)
DA:7,0
DA:10,0
DA:14,0
DA:15,0
DA:17,0
DA:22,0
DA:26,0
DA:29,0
DA:33,0
DA:36,0
DA:41,0
DA:47,0
DA:51,0
DA:53,0
DA:59,0
DA:62,0
DA:67,0
DA:68,0
DA:69,0
DA:70,0
DA:71,0
DA:74,0
DA:79,0
DA:80,0
DA:82,0
DA:85,0
DA:86,0
DA:88,0
LF:28
LH:0
BRDA:29,0,0,0
BRDA:30,1,0,0
BRDA:30,1,1,0
BRF:3
BRH:0
end_of_record
TN:
SF:app/errors/app-error.ts
FN:1,(anonymous_0)
FN:6,AppError
FNF:2
FNH:2
FNDA:1,(anonymous_0)
FNDA:2,AppError
DA:1,1
DA:6,2
DA:7,2
DA:8,2
DA:10,1
DA:12,1
LF:6
LH:6
BRDA:6,0,0,0
BRF:1
BRH:0
end_of_record
TN:
SF:app/middlewares/validate-request.ts
FN:4,validateRequest
FN:16,validateMainBody
FN:22,validateDateAttribute
FN:34,validatePicks
FN:40,(anonymous_5)
FN:45,validateTicketNumbers
FN:53,(anonymous_7)
FNF:7
FNH:0
FNDA:0,validateRequest
FNDA:0,validateMainBody
FNDA:0,validateDateAttribute
FNDA:0,validatePicks
FNDA:0,(anonymous_5)
FNDA:0,validateTicketNumbers
FNDA:0,(anonymous_7)
DA:1,0
DA:4,0
DA:9,0
DA:10,0
DA:11,0
DA:13,0
DA:17,0
DA:18,0
DA:23,0
DA:24,0
DA:25,0
DA:26,0
DA:28,0
DA:29,0
DA:30,0
DA:35,0
DA:36,0
DA:37,0
DA:40,0
DA:41,0
DA:46,0
DA:47,0
DA:53,0
DA:54,0
DA:55,0
DA:56,0
DA:60,0
DA:61,0
LF:28
LH:0
BRDA:17,0,0,0
BRDA:17,1,0,0
BRDA:17,1,1,0
BRDA:25,2,0,0
BRDA:29,3,0,0
BRDA:36,4,0,0
BRDA:36,5,0,0
BRDA:36,5,1,0
BRDA:46,6,0,0
BRDA:55,7,0,0
BRDA:60,8,0,0
BRDA:60,9,0,0
BRDA:60,9,1,0
BRF:13
BRH:0
end_of_record
TN:
SF:app/repositories/prize-repository.ts
FN:1,(anonymous_0)
FN:2,(anonymous_2)
FNF:2
FNH:0
FNDA:0,(anonymous_0)
FNDA:0,(anonymous_2)
DA:1,0
DA:2,0
DA:3,0
DA:5,0
DA:6,0
DA:8,0
DA:10,0
DA:11,0
DA:13,0
DA:15,0
DA:16,0
DA:18,0
DA:20,0
DA:21,0
DA:23,0
DA:25,0
DA:26,0
DA:28,0
DA:30,0
DA:31,0
DA:33,0
DA:35,0
DA:38,0
LF:23
LH:0
BRDA:3,0,0,0
BRDA:3,0,1,0
BRDA:3,0,2,0
BRDA:3,0,3,0
BRDA:3,0,4,0
BRDA:3,0,5,0
BRDA:3,0,6,0
BRDA:5,1,0,0
BRDA:10,2,0,0
BRDA:15,3,0,0
BRDA:20,4,0,0
BRDA:25,5,0,0
BRDA:30,6,0,0
BRF:13
BRH:0
end_of_record
TN:
SF:app/routes/index.ts
FNF:0
FNH:0
DA:1,0
DA:2,0
DA:3,0
DA:5,0
DA:6,0
DA:8,0
DA:10,0
DA:12,0
DA:15,0
DA:17,0
DA:24,0
DA:26,0
LF:12
LH:0
BRF:0
BRH:0
end_of_record
